<?xml version="1.0" encoding="UTF-8"?>
<testsuite xmlns:xsi="http://www.w3.org/2001/XMLSchema-instance" xsi:noNamespaceSchemaLocation="https://maven.apache.org/surefire/maven-surefire-plugin/xsd/surefire-test-report.xsd" name="com.bootcamp.demo.CalculatorTest" time="0" tests="3" errors="0" skipped="0" failures="0">
  <properties>
[...]
</properties>
  <testcase name="testSum" classname="com.bootcamp.demo.CalculatorTest" time="0"/>
  <testcase name="testSum2" classname="com.bootcamp.demo.CalculatorTest" time="0"/>
  <testcase name="testMethodB" classname="com.bootcamp.demo.CalculatorTest" time="0"/>
</testsuite>